cl : 命令行 warning D9002: 忽略未知选项“/SAFESEH:NO”
  SubmarineIO.cpp
C:\Users\11447\source\repos\SubmarineIO\SubmarineIO\SubmarineIO.cpp(111,1): warning C4244: “参数”: 从“__int64”转换到“int”，可能丢失数据
C:\Users\11447\source\repos\SubmarineIO\SubmarineIO\SubmarineIO.cpp(114,29): warning C4244: “=”: 从“__int64”转换到“uInt”，可能丢失数据
C:\Users\11447\source\repos\SubmarineIO\SubmarineIO\SubmarineIO.cpp(116,30): warning C4244: “=”: 从“__int64”转换到“uInt”，可能丢失数据
C:\Users\11447\source\repos\SubmarineIO\SubmarineIO\SubmarineIO.cpp(139,21): warning C4244: “=”: 从“__int64”转换到“uInt”，可能丢失数据
C:\Users\11447\source\repos\SubmarineIO\SubmarineIO\SubmarineIO.cpp(140,22): warning C4244: “=”: 从“__int64”转换到“uInt”，可能丢失数据
C:\Users\11447\source\repos\SubmarineIO\SubmarineIO\SubmarineIO.cpp(168,37): warning C4244: “参数”: 从“__int64”转换到“size_t”，可能丢失数据
C:\Users\11447\source\repos\SubmarineIO\SubmarineIO\SubmarineIO.cpp(169,32): warning C4244: “参数”: 从“__int64”转换到“size_t”，可能丢失数据
C:\Users\11447\source\repos\SubmarineIO\SubmarineIO\SubmarineIO.cpp(181,47): warning C4244: “参数”: 从“__int64”转换到“size_t”，可能丢失数据
C:\Users\11447\source\repos\SubmarineIO\SubmarineIO\SubmarineIO.cpp(182,36): warning C4244: “参数”: 从“__int64”转换到“size_t”，可能丢失数据
C:\Users\11447\source\repos\SubmarineIO\SubmarineIO\SubmarineIO.cpp(192,30): warning C4244: “初始化”: 从“__int64”转换到“unsigned int”，可能丢失数据
C:\Users\11447\source\repos\SubmarineIO\SubmarineIO\SubmarineIO.cpp(194,49): warning C4244: “参数”: 从“__int64”转换到“int”，可能丢失数据
C:\Users\11447\source\repos\SubmarineIO\SubmarineIO\SubmarineIO.cpp(252,23): warning C4244: “参数”: 从“__int64”转换到“const unsigned int”，可能丢失数据
C:\Users\11447\source\repos\SubmarineIO\SubmarineIO\SubmarineIO.cpp(252,39): warning C4244: “参数”: 从“__int64”转换到“const unsigned int”，可能丢失数据
C:\Users\11447\source\repos\SubmarineIO\SubmarineIO\SubmarineIO.cpp(254,36): warning C4244: “参数”: 从“__int64”转换到“const unsigned int”，可能丢失数据
C:\Users\11447\source\repos\SubmarineIO\SubmarineIO\SubmarineIO.cpp(256,71): warning C4244: “参数”: 从“__int64”转换到“const unsigned int”，可能丢失数据
C:\Users\11447\source\repos\SubmarineIO\SubmarineIO\SubmarineIO.cpp(257,44): warning C4244: “参数”: 从“__int64”转换到“const unsigned int”，可能丢失数据
C:\Users\11447\source\repos\SubmarineIO\SubmarineIO\SubmarineIO.cpp(257,63): warning C4244: “参数”: 从“__int64”转换到“const unsigned int”，可能丢失数据
C:\Users\11447\source\repos\SubmarineIO\SubmarineIO\SubmarineIO.cpp(269,23): warning C4244: “参数”: 从“__int64”转换到“const unsigned int”，可能丢失数据
C:\Users\11447\source\repos\SubmarineIO\SubmarineIO\SubmarineIO.cpp(269,39): warning C4244: “参数”: 从“__int64”转换到“const unsigned int”，可能丢失数据
C:\Users\11447\source\repos\SubmarineIO\SubmarineIO\SubmarineIO.cpp(271,36): warning C4244: “参数”: 从“__int64”转换到“const unsigned int”，可能丢失数据
C:\Users\11447\source\repos\SubmarineIO\SubmarineIO\SubmarineIO.cpp(272,65): warning C4244: “参数”: 从“__int64”转换到“const unsigned int”，可能丢失数据
C:\Users\11447\source\repos\SubmarineIO\SubmarineIO\SubmarineIO.cpp(274,44): warning C4244: “参数”: 从“__int64”转换到“const unsigned int”，可能丢失数据
C:\Users\11447\source\repos\SubmarineIO\SubmarineIO\SubmarineIO.cpp(274,63): warning C4244: “参数”: 从“__int64”转换到“const unsigned int”，可能丢失数据
  正在生成代码
  1 of 628 functions ( 0.2%) were compiled, the rest were copied from previous compilation.
    0 functions were new in current compilation
    1 functions had inline decision re-evaluated but remain unchanged
  已完成代码的生成
  SubmarineIO.vcxproj -> C:\Users\11447\source\repos\SubmarineIO\Release\SubmarineIO.exe
